<?xml version="1.0" encoding="UTF-8"?>
<!-- Generated by org.testng.reporters.JUnitXMLReporter -->
<testsuite ignored="0" hostname="UNICOI-QA16L" failures="0" tests="4" name="Default test" time="11.208" errors="0" timestamp="2023-12-14T10:41:59 IST">
  <testcase classname="extent" name="validatetitle" time="0.017"/>
  <testcase classname="extent" name="searching" time="0.224"/>
  <testcase classname="extent" name="skiptest" time="0.002"/>
  <testcase classname="extent" name="failtest" time="0.205"/>
</testsuite> <!-- Default test -->
