<?xml version="1.0" encoding="UTF-8"?>
<testng-results ignored="0" total="4" passed="4" failed="0" skipped="0">
  <reporter-output>
  </reporter-output>
  <suite started-at="2023-12-14T10:41:48 IST" name="Default suite" finished-at="2023-12-14T10:41:59 IST" duration-ms="11208">
    <groups>
    </groups>
    <test started-at="2023-12-14T10:41:48 IST" name="Default test" finished-at="2023-12-14T10:41:59 IST" duration-ms="11208">
      <class name="extent">
        <test-method is-config="true" signature="launchBrowser()[pri:0, instance:extent@3e27ba32]" started-at="2023-12-14T10:41:48 IST" name="launchBrowser" finished-at="2023-12-14T10:41:58 IST" duration-ms="10301" status="PASS">
          <reporter-output>
          </reporter-output>
        </test-method> <!-- launchBrowser -->
        <test-method signature="validatetitle()[pri:1, instance:extent@3e27ba32]" started-at="2023-12-14T10:41:58 IST" name="validatetitle" finished-at="2023-12-14T10:41:58 IST" duration-ms="17" status="PASS">
          <reporter-output>
          </reporter-output>
        </test-method> <!-- validatetitle -->
        <test-method signature="searching()[pri:2, instance:extent@3e27ba32]" started-at="2023-12-14T10:41:58 IST" name="searching" finished-at="2023-12-14T10:41:58 IST" duration-ms="224" status="PASS">
          <reporter-output>
          </reporter-output>
        </test-method> <!-- searching -->
        <test-method signature="skiptest()[pri:3, instance:extent@3e27ba32]" started-at="2023-12-14T10:41:59 IST" name="skiptest" finished-at="2023-12-14T10:41:59 IST" duration-ms="2" status="PASS">
          <reporter-output>
          </reporter-output>
        </test-method> <!-- skiptest -->
        <test-method signature="failtest()[pri:4, instance:extent@3e27ba32]" started-at="2023-12-14T10:41:59 IST" name="failtest" finished-at="2023-12-14T10:41:59 IST" duration-ms="205" status="PASS">
          <reporter-output>
          </reporter-output>
        </test-method> <!-- failtest -->
        <test-method is-config="true" signature="teardown()[pri:0, instance:extent@3e27ba32]" started-at="2023-12-14T10:41:59 IST" name="teardown" finished-at="2023-12-14T10:41:59 IST" duration-ms="414" status="PASS">
          <reporter-output>
          </reporter-output>
        </test-method> <!-- teardown -->
      </class> <!-- extent -->
    </test> <!-- Default test -->
  </suite> <!-- Default suite -->
</testng-results>
